proguard/seeds.txt
com.pps.news.AlarmActivity
com.pps.news.AlarmActivity: AlarmActivity()
com.pps.news.AlarmAlertActivity
com.pps.news.AlarmAlertActivity: AlarmAlertActivity()
com.pps.news.AlarmSettingActivity
com.pps.news.AlarmSettingActivity: AlarmSettingActivity()
com.pps.news.CommentActivity
com.pps.news.CommentActivity: CommentActivity()
com.pps.news.CommentEditActivity
com.pps.news.CommentEditActivity: CommentEditActivity()
com.pps.news.DownloadActivity
com.pps.news.DownloadActivity: DownloadActivity()
com.pps.news.LoginActivity
com.pps.news.LoginActivity: LoginActivity()
com.pps.news.NewsActivity
com.pps.news.NewsActivity: NewsActivity()
com.pps.news.NewsDetailActivity
com.pps.news.NewsDetailActivity: NewsDetailActivity()
com.pps.news.R$anim
com.pps.news.R$anim: int ppsplayer_charge_anim
com.pps.news.R$anim: int ppsplayer_loading_anim
com.pps.news.R$anim: int slide_in_top
com.pps.news.R$anim: int weather_refresh_anim
com.pps.news.R$anim: R$anim()
com.pps.news.R$array
com.pps.news.R$array: int evatuate
com.pps.news.R$array: int shortWeekdays
com.pps.news.R$array: int weekdays
com.pps.news.R$array: R$array()
com.pps.news.R$attr
com.pps.news.R$attr: int ptrAdapterViewBackground
com.pps.news.R$attr: int ptrAnimationStyle
com.pps.news.R$attr: int ptrDrawable
com.pps.news.R$attr: int ptrDrawableBottom
com.pps.news.R$attr: int ptrDrawableEnd
com.pps.news.R$attr: int ptrDrawableStart
com.pps.news.R$attr: int ptrDrawableTop
com.pps.news.R$attr: int ptrHeaderBackground
com.pps.news.R$attr: int ptrHeaderSubTextColor
com.pps.news.R$attr: int ptrHeaderTextAppearance
com.pps.news.R$attr: int ptrHeaderTextColor
com.pps.news.R$attr: int ptrListViewExtrasEnabled
com.pps.news.R$attr: int ptrMode
com.pps.news.R$attr: int ptrOverScroll
com.pps.news.R$attr: int ptrRefreshableViewBackground
com.pps.news.R$attr: int ptrRotateDrawableWhilePulling
com.pps.news.R$attr: int ptrScrollingWhileRefreshingEnabled
com.pps.news.R$attr: int ptrShowIndicator
com.pps.news.R$attr: int ptrSubHeaderTextAppearance
com.pps.news.R$attr: R$attr()
com.pps.news.R$color
com.pps.news.R$color: int background
com.pps.news.R$color: int background_white
com.pps.news.R$color: int black
com.pps.news.R$color: int black_gray
com.pps.news.R$color: int black_half
com.pps.news.R$color: int black_half_seven
com.pps.news.R$color: int black_transparent
com.pps.news.R$color: int bottom_text
com.pps.news.R$color: int channel_second_channel_type_textcolor
com.pps.news.R$color: int control_back
com.pps.news.R$color: int dialog_back
com.pps.news.R$color: int download_more_background
com.pps.news.R$color: int download_more_text
com.pps.news.R$color: int geolocation_permissions_prompt_background
com.pps.news.R$color: int gray
com.pps.news.R$color: int gray_baka
com.pps.news.R$color: int gray_dark
com.pps.news.R$color: int gray_down
com.pps.news.R$color: int gray_kesou
com.pps.news.R$color: int gray_light
com.pps.news.R$color: int gray_shit
com.pps.news.R$color: int gray_xine
com.pps.news.R$color: int green
com.pps.news.R$color: int news_color
com.pps.news.R$color: int news_default_bg
com.pps.news.R$color: int news_divide
com.pps.news.R$color: int news_font_color
com.pps.news.R$color: int nomal_down
com.pps.news.R$color: int orange
com.pps.news.R$color: int password_edit
com.pps.news.R$color: int password_text
com.pps.news.R$color: int ppsplayer_ad_white
com.pps.news.R$color: int ppsplayer_list_text_orange
com.pps.news.R$color: int ppsplayer_switchbtn_notclicktext
com.pps.news.R$color: int red
com.pps.news.R$color: int setting_font_color
...
android.support.v4.widget.DrawerLayout$ViewDragCallback$1
android.support.v4.widget.DrawerLayout$ViewDragCallback$1: android.support.v4.widget.DrawerLayout$ViewDragCallback this$1
android.support.v4.widget.DrawerLayout$ViewDragCallback$1: DrawerLayout$ViewDragCallback$1(android.support.v4.widget.DrawerLayout$ViewDragCallback)
android.support.v4.widget.DrawerLayout$ViewDragCallback$1: void run()
android.support.v4.widget.EdgeEffectCompat
android.support.v4.widget.EdgeEffectCompat: java.lang.Object mEdgeEffect
android.support.v4.widget.EdgeEffectCompat: android.support.v4.widget.EdgeEffectCompat$EdgeEffectImpl IMPL
android.support.v4.widget.EdgeEffectCompat: EdgeEffectCompat(android.content.Context)
android.support.v4.widget.EdgeEffectCompat: void setSize(int,int)
android.support.v4.widget.EdgeEffectCompat: boolean isFinished()
android.support.v4.widget.EdgeEffectCompat: void finish()
android.support.v4.widget.EdgeEffectCompat: boolean onPull(float)
android.support.v4.widget.EdgeEffectCompat: boolean onRelease()
android.support.v4.widget.EdgeEffectCompat: boolean onAbsorb(int)
android.support.v4.widget.EdgeEffectCompat: boolean draw(android.graphics.Canvas)
android.support.v4.widget.EdgeEffectCompat: void <clinit>()
android.support.v4.widget.EdgeEffectCompat$BaseEdgeEffectImpl
android.support.v4.widget.EdgeEffectCompat$BaseEdgeEffectImpl: EdgeEffectCompat$BaseEdgeEffectImpl()
android.support.v4.widget.EdgeEffectCompat$BaseEdgeEffectImpl: java.lang.Object newEdgeEffect(android.content.Context)
android.support.v4.widget.EdgeEffectCompat$BaseEdgeEffectImpl: void setSize(java.lang.Object,int,int)
android.support.v4.widget.EdgeEffectCompat$BaseEdgeEffectImpl: boolean isFinished(java.lang.Object)
android.support.v4.widget.EdgeEffectCompat$BaseEdgeEffectImpl: void finish(java.lang.Object)
android.support.v4.widget.EdgeEffectCompat$BaseEdgeEffectImpl: boolean onPull(java.lang.Object,float)
android.support.v4.widget.EdgeEffectCompat$BaseEdgeEffectImpl: boolean onRelease(java.lang.Object)
android.support.v4.widget.EdgeEffectCompat$BaseEdgeEffectImpl: boolean onAbsorb(java.lang.Object,int)
android.support.v4.widget.EdgeEffectCompat$BaseEdgeEffectImpl: boolean draw(java.lang.Object,android.graphics.Canvas)
android.support.v4.widget.EdgeEffectCompat$EdgeEffectIcsImpl
android.support.v4.widget.EdgeEffectCompat$EdgeEffectIcsImpl: EdgeEffectCompat$EdgeEffectIcsImpl()
android.support.v4.widget.EdgeEffectCompat$EdgeEffectIcsImpl: java.lang.Object newEdgeEffect(android.content.Context)
android.support.v4.widget.EdgeEffectCompat$EdgeEffectIcsImpl: void setSize(java.lang.Object,int,int)
android.support.v4.widget.EdgeEffectCompat$EdgeEffectIcsImpl: boolean isFinished(java.lang.Object)
android.support.v4.widget.EdgeEffectCompat$EdgeEffectIcsImpl: void finish(java.lang.Object)
android.support.v4.widget.EdgeEffectCompat$EdgeEffectIcsImpl: boolean onPull(java.lang.Object,float)
android.support.v4.widget.EdgeEffectCompat$EdgeEffectIcsImpl: boolean onRelease(java.lang.Object)
android.support.v4.widget.EdgeEffectCompat$EdgeEffectIcsImpl: boolean onAbsorb(java.lang.Object,int)
android.support.v4.widget.EdgeEffectCompat$EdgeEffectIcsImpl: boolean draw(java.lang.Object,android.graphics.Canvas)