proguard/mapping.txt
com.pps.news.AlarmActivity -> com.pps.news.AlarmActivity:
    android.widget.ListView listView -> a
    android.widget.ImageView imageView -> b
    com.pps.news.adapter.AlarmAdapter mAdapter -> c
    com.pps.news.database.DatabaseHelper helper -> d
    android.widget.TextView txtSummary -> e
    android.widget.ProgressBar mProgressBar -> f
    void onCreate(android.os.Bundle) -> onCreate
    void onStart() -> onStart
    void onClick(android.view.View) -> onClick
    void onItemClick(android.widget.AdapterView,android.view.View,int,long) -> onItemClick
    com.pps.news.database.DatabaseHelper access$0(com.pps.news.AlarmActivity) -> a
    android.widget.TextView access$1(com.pps.news.AlarmActivity) -> b
    void access$2(com.pps.news.AlarmActivity,java.util.List) -> a
    android.widget.ProgressBar access$3(com.pps.news.AlarmActivity) -> c
com.pps.news.AlarmActivity$GetAlarmListTask -> com.pps.news.a:
    com.pps.news.AlarmActivity this$0 -> a
    void onPostExecute(java.lang.Object) -> onPostExecute
    java.lang.Object doInBackground(java.lang.Object[]) -> doInBackground
com.pps.news.AlarmAlertActivity -> com.pps.news.AlarmAlertActivity:
    android.view.View touchView -> a
    android.widget.TextView txtHour -> b
    android.widget.TextView txtMinute -> c
    android.widget.TextView txtDate -> d
    android.widget.TextView txtTurn -> e
    android.widget.TextView txtUpdate -> f
    int startY -> g
    com.pps.news.bean.Alarm alarm -> h
    void onCreate(android.os.Bundle) -> onCreate
    void onClick(android.view.View) -> onClick
    boolean onTouch(android.view.View,android.view.MotionEvent) -> onTouch
    void onDestroy() -> onDestroy
com.pps.news.AlarmSettingActivity -> com.pps.news.AlarmSettingActivity:
    android.widget.TextView txtTime -> a
    android.widget.TextView txtWeekDays -> b
    android.widget.TextView txtRingTone -> c
    android.widget.CheckBox ckEnable -> d
    android.widget.CheckBox ckVibrate -> e
    com.pps.news.widget.WeekPickerDialog dialog -> f
    int status -> g
    com.pps.news.bean.Alarm alarm -> h
    java.util.Calendar c -> i
    com.pps.news.database.DatabaseHelper helper -> j
    int hourOfDay -> k
    int minute -> l
    android.net.Uri ringtoneUri -> m
    com.pps.news.bean.DaysOfWeek daysOfWeek -> n
    void onCreate(android.os.Bundle) -> onCreate
    void updateTime() -> a
    android.app.Dialog onCreateDialog(int) -> onCreateDialog
    void onClick(android.view.View) -> onClick
    void onActivityResult(int,int,android.content.Intent) -> onActivityResult
    void onItemClick(com.pps.news.bean.DaysOfWeek) -> a
    void access$0(com.pps.news.AlarmSettingActivity,int) -> a
    void access$1(com.pps.news.AlarmSettingActivity,int) -> b
    void access$2(com.pps.news.AlarmSettingActivity) -> a
    com.pps.news.bean.Alarm access$3(com.pps.news.AlarmSettingActivity) -> b
    com.pps.news.database.DatabaseHelper access$4(com.pps.news.AlarmSettingActivity) -> c
com.pps.news.AlarmSettingActivity$1 -> com.pps.news.b:
    com.pps.news.AlarmSettingActivity this$0 -> a
    void onTimeSet(android.widget.TimePicker,int,int) -> onTimeSet
com.pps.news.AlarmSettingActivity$2 -> com.pps.news.c:
    com.pps.news.AlarmSettingActivity this$0 -> a
    void onClick(android.content.DialogInterface,int) -> onClick
...
com.qiyi.ads.IAdsSDK -> com.qiyi.ads.IAdsSDK:
    void onRequestMobileServer() -> onRequestMobileServer
    void onRequestMobileServerSucceededWithAdData(java.lang.String,java.lang.String,java.lang.String,java.lang.String) -> onRequestMobileServerSucceededWithAdData
    void onRequestMobileServerSucceededWithoutAdData(java.lang.String,java.lang.String,java.lang.String) -> onRequestMobileServerSucceededWithoutAdData
    void onRequestMobileServerFailed() -> onRequestMobileServerFailed
    void onAdStarted(int) -> onAdStarted
    void onAdFirstQuartile(int) -> onAdFirstQuartile
    void onAdSecondQuartile(int) -> onAdSecondQuartile
    void onAdThirdQuartile(int) -> onAdThirdQuartile
    void onAdCompleted(int) -> onAdCompleted
    void onAdClicked(int) -> onAdClicked
    java.lang.String getFinalUrl() -> getFinalUrl
    java.util.List getSlotSchedules() -> getSlotSchedules
    java.util.List getAdSchedules(int) -> getAdSchedules
    java.util.Map getCupidExtras() -> getCupidExtras
    void sendAdPingBacks() -> sendAdPingBacks
com.qiyi.ads.internal.AdEvent -> com.qiyi.ads.internal.AdEvent:
    int adId -> adId
    java.lang.String act -> act
    java.lang.String code -> code
    int getAdId() -> getAdId
    java.lang.String getAct() -> getAct
    java.lang.String getCode() -> getCode
com.qiyi.ads.internal.AdEventConstants -> com.qiyi.ads.internal.AdEventConstants:
    java.lang.String ACT_START -> ACT_START
    java.lang.String ACT_1ST_QUARTILE -> ACT_1ST_QUARTILE
    java.lang.String ACT_MID_POINT -> ACT_MID_POINT
    java.lang.String ACT_3RD_QUARTILE -> ACT_3RD_QUARTILE
    java.lang.String ACT_STOP -> ACT_STOP
    java.lang.String ACT_CLICK -> ACT_CLICK
    java.lang.String ACT_ERROR -> ACT_ERROR
com.qiyi.ads.internal.AdInfo -> com.qiyi.ads.internal.AdInfo:
    java.lang.String adDomainId -> adDomainId
    int order -> order
    long orderItemId -> orderItemId
    int duration -> duration
    java.lang.String impressionId -> impressionId
    java.lang.String clickThroughUrl -> clickThroughUrl
    com.qiyi.ads.internal.AdTracking impressionTracking -> impressionTracking
    com.qiyi.ads.internal.AdTracking clickTracking -> clickTracking
    java.util.Map adExtras -> adExtras
    java.lang.String creativeType -> creativeType
    java.lang.String creativeUrl -> creativeUrl
    java.lang.String getAdDomainId() -> getAdDomainId
    int getOrder() -> getOrder
    long getOrderItemId() -> getOrderItemId
    int getDuration() -> getDuration
    java.lang.String getClickThroughUrl() -> getClickThroughUrl
    java.lang.String getImpressionId() -> getImpressionId
    com.qiyi.ads.internal.AdTracking getImpressionTracking() -> getImpressionTracking
    com.qiyi.ads.internal.AdTracking getClickTracking() -> getClickTracking
    java.util.Map getAdExtras() -> getAdExtras
    java.lang.String getCreativeType() -> getCreativeType
    java.lang.String getCreativeUrl() -> getCreativeUrl
com.qiyi.ads.internal.AdTracking -> com.qiyi.ads.internal.AdTracking:
    java.lang.String TRACKING_KEY_TIMESTAMP -> TRACKING_KEY_TIMESTAMP
    java.lang.String TRACKING_KEY_IMPRESSION_ID -> TRACKING_KEY_IMPRESSION_ID
    java.util.List thirdPartyTrackingUrls -> thirdPartyTrackingUrls
    java.util.List cupidTrackingUrls -> cupidTrackingUrls
    java.util.List getThirdPartyTrackingUrls() -> getThirdPartyTrackingUrls
    java.util.List getCupidTrackingUrlsToSend(long) -> getCupidTrackingUrlsToSend
    java.util.List getOriginalCupidTrackingUrls() -> getOriginalCupidTrackingUrls
    boolean isThirdPartyTrackable() -> isThirdPartyTrackable
    boolean isCupidTrackable() -> isCupidTrackable
    java.lang.String updateCupidTrackingUrl(java.lang.String,long) -> updateCupidTrackingUrl
    java.lang.String getCupidImpressionId() -> getCupidImpressionId