proguard/usage.txt
com.pps.news.AlarmAlertActivity:
    private static final java.lang.String TIME_HOUER
    private static final java.lang.String TIME_MINUTE
com.pps.news.AlarmSettingActivity:
    private static final int SETTING_DIALOG_ID_TIME
    private static final int SETTING_DIALOG_ID_DELETE
    private static final int SETTING_ALARM_EDIT_ITEM
    private static final int SETTING_ALARM_ADD_ITEM
com.pps.news.BuildConfig
com.pps.news.CommentActivity:
    private static final java.lang.String ADD_COMMENT_TASK
    private static final java.lang.String GET_COMMENT_TASK
com.pps.news.CommentEditActivity:
    private static final java.lang.String GET_COMMENT_TASK
    private static final java.lang.String DELETE_COMMENT_TASK
com.pps.news.LoginActivity:
    138:138:public void onRequestLoading(long,long)
    142:143:public void onCancel()
com.pps.news.NewsActivity:
    private static final java.lang.String GET_NEWS_LIST_TASK
    private static final java.lang.String GET_SELF_COMMENT_TASK
    private static final java.lang.String GET_WEATHER_TASK
    456:456:public void onRequestLoading(long,long)
    460:460:public void onCancel()
com.pps.news.R:
    10:10:public R()
com.pps.news.RegisterActivity:
    108:108:public void onRequestLoading(long,long)
    113:114:public void onCancel()
com.pps.news.SettingActivity:
    private static final java.lang.String TAG
    private static final int MESSAGE_COLLECT_CACHE_SIZE
com.pps.news.app.BaseActivity:
    68:73:public final void showFragment(int,android.support.v4.app.Fragment,boolean)
com.pps.news.app.BaseFragment:
    25:31:public final void showFragment(int,android.support.v4.app.Fragment,boolean)
    public abstract android.view.View onCreateView(android.view.LayoutInflater,android.view.ViewGroup,android.os.Bundle)
com.pps.news.bean.Alarm:
    private static final java.lang.String ALARM_ALERT_SILENT
com.pps.news.bean.Alarm$Columns
com.pps.news.bean.Comment:
    74:74:public int getRn()
    106:106:public int getP_id()
    146:146:public int getUser_type()
    154:154:public int getCmt_flag()
    162:162:public int getCmd_type()
    170:170:public int getChannel_id()
    178:178:public java.lang.String getUrllink()
    186:186:public java.lang.String getPic()
    194:194:public int getReply_count()
    202:202:public int getVot_up()
    210:210:public int getVot_down()
    218:218:public int getIs_top_quality()
    226:226:public java.lang.String getPinglun()
    234:234:public java.lang.String getTimeline()
    242:242:public int getReply_info_total()
    246:247:public void setReply_info_total(int)
com.pps.news.bean.Group:
    27:28:public Group(java.util.Collection)
com.pps.news.bean.News:
    public static final int NEWS_POSITION_FLAG_TOP
    public static final int NEWS_POSITION_FLAG_LEFT_TOP
    public static final int NEWS_POSITION_FLAG_RIGHT_TOP
    public static final int NEWS_POSITION_FLAG_LEFT_BOTTOM
    public static final int NEWS_POSITION_FLAG_RIGHT_BOTTOM
    78:78:public int getShow_order()
    94:94:public java.lang.String getUrl_key()
    118:118:public java.lang.String getImage_url()
    134:134:public java.lang.String getLink_url()
    142:142:public long getStart_time()
    150:150:public long getEnd_time()
    166:166:public java.lang.String getSub_title()
com.pps.news.bean.Result:
    private java.lang.String error
    49:49:public java.lang.String getError()
    53:54:public void setError(java.lang.String)
    58:72:public void setErrorCode()
com.pps.news.bean.Weather:
    68:68:public java.lang.String getPmInfo()
com.pps.news.common.AlarmAlertWakeLock:
    private static final java.lang.String LOGTAG
    11:11:public AlarmAlertWakeLock()
...
OpenUDID.OpenUDID_manager:
    public static final java.lang.String PREF_KEY
    public static final java.lang.String PREFS_NAME
    public static final java.lang.String TAG
    private static final boolean LOG
android.annotation.SuppressLint
android.annotation.TargetApi
cn.com.admaster.mobile.tracking.api.ConnectionQueue:
    private java.lang.String appKey_
    private java.lang.String serverClickURL_
    private java.lang.String serverExposeURL_
    216:217:public void setAppKey(java.lang.String)
    224:225:public void setServerClickURL(java.lang.String)
    228:229:public void updateLocation(android.content.Context)
cn.com.admaster.mobile.tracking.api.Countly:
    public static final java.lang.String TRACKING_MAC
    public static final java.lang.String TRACKING_LOCATION
    public static final java.lang.String TRACKING_OPENUDID
    public static final java.lang.String TRACKING_OS_VERION
    public static final java.lang.String TRACKING_DEVICE
    public static final java.lang.String TRACKING_WIFI
    public static final java.lang.String TRACKING_NAME
    public static final java.lang.String TRACKING_KEY
    48:48:public java.util.Map getMetrics()
    61:61:public boolean isTrackLocation()
    66:75:public void setTrackLocation(boolean,android.content.Context)
cn.com.admaster.mobile.tracking.api.DeviceInfo:
    public static java.lang.String mericCache
    351:351:DeviceInfo()
    360:360:public static java.lang.String getOS()
    372:379:public static java.lang.String getResolution(android.content.Context)
    383:384:public static java.lang.String getCarrier(android.content.Context)
    388:389:public static java.lang.String getLocale()
    393:399:public static java.lang.String appVersion(android.content.Context)
    463:481:public static java.lang.String getIP(android.content.Context)
    485:492:public static java.lang.String getModel()
    503:522:public static boolean isNetworkAvailable(android.content.Context)
    594:595:public static void invalidateCache()
cn.com.admaster.mobile.tracking.api.Event:
    public java.lang.String type
    612:612:public java.lang.String getKey()
    616:616:public java.lang.String getType()
cn.com.admaster.mobile.tracking.api.TrackJSInterface
cn.com.admaster.mobile.tracking.api.TrackJSInterface$1
cn.com.admaster.mobile.tracking.api.TrackJSInterface$2
com.miaozhen.monitor.MZDeviceInfoHandler:
    public static final java.lang.String NetworkType_NotActive
    public static final java.lang.String NetworkType_WIFI
    public static final java.lang.String NetworkType_Mobile
com.miaozhen.monitor.MZLogOperation:
    public static final java.lang.String TABLE_NAME
    101:119:public synchronized java.util.ArrayList readLog()
com.miaozhen.monitor.MZMonitor:
    15:15:public MZMonitor()
    33:34:public static void reportAction(android.content.Context,java.lang.String,java.lang.String)
    67:78:public static void reSendReport(android.content.Context)
com.miaozhen.monitor.MZNetworkConnector:
    private static final int WIFI_TIMEOUT
    private static final int MOBILE_TIMEOUT
    private static final int REDIRECT_TIMEOUT
com.miaozhen.monitor.MZReporter:
    private static final java.lang.String VAL_ENCODING
    private static final java.lang.String MZ_PARAM_APP_NAME
    private static final java.lang.String MZ_PARAM_PACKAGE_NAME
    private static final java.lang.String MZ_PARAM_MD5_IMEI
    private static final java.lang.String MZ_PARAM_TIMESTAMP
    private static final java.lang.String MZ_PARAM_RETRY_TIME
    private static final java.lang.String MZ_PARAM_OPENUDID
    private static final java.lang.String MZ_PARAM_ANDROID_ID
    private static final java.lang.String MZ_PARAM_NETWORK_TYPE
    private static final java.lang.String MZ_PARAM_IESID
    private static final java.lang.String MZ_PARAM_DEVICE_INFO
com.miaozhen.monitor.MZSQLiteHelper:
    public static final java.lang.String CREATE_TABLE_SQL